<?xml version="1.0" encoding="utf-8"?><testsuites name="pytest tests"><testsuite name="pytest" errors="0" failures="0" skipped="0" tests="9" time="5.706" timestamp="2026-04-17T02:16:14.983159+00:00" hostname="agent-env-2a64ea27-33c2-473c-a9a2-fbd58963d474"><testcase classname="tests.test_watchlist_seeding.TestAuthEndpoints" name="test_login_returns_jwt_tokens" time="0.421" /><testcase classname="tests.test_watchlist_seeding.TestAuthEndpoints" name="test_logout_works" time="0.466" /><testcase classname="tests.test_watchlist_seeding.TestAuthEndpoints" name="test_invalid_login_returns_401" time="0.124" /><testcase classname="tests.test_watchlist_seeding.TestSignupSeeding" name="test_signup_seeds_7_policies" time="0.851" /><testcase classname="tests.test_watchlist_seeding.TestSignupSeeding" name="test_seeding_is_idempotent" time="0.929" /><testcase classname="tests.test_watchlist_seeding.TestDeleteSeededPolicy" name="test_delete_seeded_policy_no_reseed" time="1.111" /><testcase classname="tests.test_watchlist_seeding.TestExistingUserNoSeeding" name="test_existing_user_not_seeded" time="0.461" /><testcase classname="tests.test_watchlist_seeding.TestSeedMarkerFiltering" name="test_marker_never_in_response" time="0.812" /><testcase classname="tests.test_watchlist_seeding.TestTokenRefresh" name="test_token_refresh" time="0.457" /></testsuite></testsuites>